{"contracts/interfaces/IERC20Minimal.sol":{"l":{},"path":"/Users/laynehaber/Developer/nxtp/packages/contracts/contracts/interfaces/IERC20Minimal.sol","s":{},"b":{},"f":{},"fnMap":{},"statementMap":{},"branchMap":{}},"contracts/interfaces/IFulfillInterpreter.sol":{"l":{},"path":"/Users/laynehaber/Developer/nxtp/packages/contracts/contracts/interfaces/IFulfillInterpreter.sol","s":{},"b":{},"f":{},"fnMap":{},"statementMap":{},"branchMap":{}},"contracts/interfaces/ITransactionManager.sol":{"l":{},"path":"/Users/laynehaber/Developer/nxtp/packages/contracts/contracts/interfaces/ITransactionManager.sol","s":{},"b":{},"f":{},"fnMap":{},"statementMap":{},"branchMap":{}},"contracts/interpreters/FulfillInterpreter.sol":{"l":{"13":12,"17":8,"18":7,"22":1,"34":7,"35":7,"36":4,"41":7,"43":7,"45":3,"47":3,"48":2,"53":7},"path":"/Users/laynehaber/Developer/nxtp/packages/contracts/contracts/interpreters/FulfillInterpreter.sol","s":{"1":12,"2":8,"3":1,"4":7,"5":7,"6":4,"7":7,"8":7,"9":3,"10":3,"11":2,"12":7},"b":{"1":[7,1],"2":[4,3],"3":[3,4],"4":[2,1]},"f":{"1":12,"2":8,"3":1,"4":7},"fnMap":{"1":{"name":"constructor","line":12,"loc":{"start":{"line":12,"column":2},"end":{"line":14,"column":2}}},"2":{"name":"onlyTransactionManager","line":16,"loc":{"start":{"line":16,"column":2},"end":{"line":19,"column":2}}},"3":{"name":"getTransactionManager","line":21,"loc":{"start":{"line":21,"column":2},"end":{"line":23,"column":2}}},"4":{"name":"execute","line":32,"loc":{"start":{"line":25,"column":2},"end":{"line":63,"column":2}}}},"statementMap":{"1":{"start":{"line":13,"column":4},"end":{"line":13,"column":43}},"2":{"start":{"line":17,"column":4},"end":{"line":17,"column":57}},"3":{"start":{"line":22,"column":4},"end":{"line":22,"column":30}},"4":{"start":{"line":34,"column":4},"end":{"line":34,"column":44}},"5":{"start":{"line":35,"column":4},"end":{"line":35,"column":1045}},"6":{"start":{"line":36,"column":6},"end":{"line":36,"column":61}},"7":{"start":{"line":41,"column":4},"end":{"line":41,"column":96}},"8":{"start":{"line":43,"column":4},"end":{"line":43,"column":1341}},"9":{"start":{"line":45,"column":6},"end":{"line":45,"column":61}},"10":{"start":{"line":47,"column":6},"end":{"line":47,"column":1500}},"11":{"start":{"line":48,"column":8},"end":{"line":48,"column":63}},"12":{"start":{"line":53,"column":4},"end":{"line":53,"column":1618}}},"branchMap":{"1":{"line":17,"type":"if","locations":[{"start":{"line":17,"column":4},"end":{"line":17,"column":4}},{"start":{"line":17,"column":4},"end":{"line":17,"column":4}}]},"2":{"line":35,"type":"if","locations":[{"start":{"line":35,"column":4},"end":{"line":35,"column":4}},{"start":{"line":35,"column":4},"end":{"line":35,"column":4}}]},"3":{"line":43,"type":"if","locations":[{"start":{"line":43,"column":4},"end":{"line":43,"column":4}},{"start":{"line":43,"column":4},"end":{"line":43,"column":4}}]},"4":{"line":47,"type":"if","locations":[{"start":{"line":47,"column":6},"end":{"line":47,"column":6}},{"start":{"line":47,"column":6},"end":{"line":47,"column":6}}]}}},"contracts/lib/LibAsset.sol":{"l":{"18":122,"22":2,"31":16,"32":16,"40":21,"49":26,"57":4,"65":2,"76":31},"path":"/Users/laynehaber/Developer/nxtp/packages/contracts/contracts/lib/LibAsset.sol","s":{"1":122,"2":2,"3":16,"4":16,"5":21,"6":26,"7":4,"8":2,"9":31},"b":{"1":[15,1]},"f":{"1":122,"2":2,"3":16,"4":21,"5":26,"6":4,"7":2,"8":31},"fnMap":{"1":{"name":"isEther","line":17,"loc":{"start":{"line":17,"column":4},"end":{"line":19,"column":4}}},"2":{"name":"getOwnBalance","line":21,"loc":{"start":{"line":21,"column":4},"end":{"line":26,"column":4}}},"3":{"name":"transferEther","line":28,"loc":{"start":{"line":28,"column":4},"end":{"line":33,"column":4}}},"4":{"name":"transferERC20","line":35,"loc":{"start":{"line":35,"column":4},"end":{"line":41,"column":4}}},"5":{"name":"transferFromERC20","line":43,"loc":{"start":{"line":43,"column":4},"end":{"line":50,"column":4}}},"6":{"name":"increaseERC20Allowance","line":52,"loc":{"start":{"line":52,"column":4},"end":{"line":58,"column":4}}},"7":{"name":"decreaseERC20Allowance","line":60,"loc":{"start":{"line":60,"column":4},"end":{"line":66,"column":4}}},"8":{"name":"transferAsset","line":71,"loc":{"start":{"line":71,"column":4},"end":{"line":79,"column":4}}}},"statementMap":{"1":{"start":{"line":18,"column":6},"end":{"line":18,"column":38}},"2":{"start":{"line":22,"column":6},"end":{"line":22,"column":791}},"3":{"start":{"line":31,"column":6},"end":{"line":31,"column":57}},"4":{"start":{"line":32,"column":6},"end":{"line":32,"column":32}},"5":{"start":{"line":40,"column":6},"end":{"line":40,"column":63}},"6":{"start":{"line":49,"column":6},"end":{"line":49,"column":66}},"7":{"start":{"line":57,"column":6},"end":{"line":57,"column":70}},"8":{"start":{"line":65,"column":6},"end":{"line":65,"column":70}},"9":{"start":{"line":76,"column":6},"end":{"line":76,"column":2224}}},"branchMap":{"1":{"line":32,"type":"if","locations":[{"start":{"line":32,"column":6},"end":{"line":32,"column":6}},{"start":{"line":32,"column":6},"end":{"line":32,"column":6}}]}}},"contracts/ProposedOwnable.sol":{"l":{"42":9,"49":1101,"56":13,"63":2,"70":1,"77":889,"78":883,"86":11,"94":7,"95":6,"99":15,"100":15,"101":15,"105":11,"106":11,"107":11},"path":"/Users/laynehaber/Developer/nxtp/packages/contracts/contracts/ProposedOwnable.sol","s":{"1":9,"2":1101,"3":13,"4":2,"5":1,"6":889,"7":11,"8":7,"9":6,"10":15,"11":15,"12":15,"13":11,"14":11,"15":11},"b":{"1":[883,6],"2":[6,1]},"f":{"1":9,"2":1101,"3":13,"4":2,"5":1,"6":889,"7":11,"8":7,"9":15,"10":11},"fnMap":{"1":{"name":"constructor","line":41,"loc":{"start":{"line":41,"column":2},"end":{"line":43,"column":2}}},"2":{"name":"owner","line":48,"loc":{"start":{"line":48,"column":2},"end":{"line":50,"column":2}}},"3":{"name":"proposed","line":55,"loc":{"start":{"line":55,"column":2},"end":{"line":57,"column":2}}},"4":{"name":"proposedTimestamp","line":62,"loc":{"start":{"line":62,"column":2},"end":{"line":64,"column":2}}},"5":{"name":"delay","line":69,"loc":{"start":{"line":69,"column":2},"end":{"line":71,"column":2}}},"6":{"name":"onlyOwner","line":76,"loc":{"start":{"line":76,"column":2},"end":{"line":79,"column":2}}},"7":{"name":"proposeNewOwner","line":85,"loc":{"start":{"line":85,"column":2},"end":{"line":87,"column":2}}},"8":{"name":"acceptProposedOwner","line":93,"loc":{"start":{"line":93,"column":2},"end":{"line":96,"column":2}}},"9":{"name":"_setOwner","line":98,"loc":{"start":{"line":98,"column":2},"end":{"line":102,"column":2}}},"10":{"name":"_setProposed","line":104,"loc":{"start":{"line":104,"column":2},"end":{"line":108,"column":2}}}},"statementMap":{"1":{"start":{"line":42,"column":4},"end":{"line":42,"column":24}},"2":{"start":{"line":49,"column":4},"end":{"line":49,"column":17}},"3":{"start":{"line":56,"column":4},"end":{"line":56,"column":20}},"4":{"start":{"line":63,"column":4},"end":{"line":63,"column":29}},"5":{"start":{"line":70,"column":4},"end":{"line":70,"column":17}},"6":{"start":{"line":77,"column":6},"end":{"line":77,"column":46}},"7":{"start":{"line":86,"column":4},"end":{"line":86,"column":30}},"8":{"start":{"line":94,"column":4},"end":{"line":94,"column":71}},"9":{"start":{"line":95,"column":4},"end":{"line":95,"column":23}},"10":{"start":{"line":99,"column":4},"end":{"line":99,"column":29}},"11":{"start":{"line":100,"column":4},"end":{"line":100,"column":20}},"12":{"start":{"line":101,"column":4},"end":{"line":101,"column":49}},"13":{"start":{"line":105,"column":4},"end":{"line":105,"column":39}},"14":{"start":{"line":106,"column":4},"end":{"line":106,"column":28}},"15":{"start":{"line":107,"column":4},"end":{"line":107,"column":37}}},"branchMap":{"1":{"line":77,"type":"if","locations":[{"start":{"line":77,"column":6},"end":{"line":77,"column":6}},{"start":{"line":77,"column":6},"end":{"line":77,"column":6}}]},"2":{"line":94,"type":"if","locations":[{"start":{"line":94,"column":4},"end":{"line":94,"column":4}},{"start":{"line":94,"column":4},"end":{"line":94,"column":4}}]}}},"contracts/TransactionManager.sol":{"l":{"78":9,"79":9,"85":199,"92":215,"95":214,"98":213,"101":213,"108":7,"111":6,"114":5,"117":5,"125":638,"128":637,"131":637,"139":5,"142":4,"145":4,"156":39,"159":38,"162":37,"165":36,"168":35,"171":35,"172":21,"174":14,"175":13,"179":31,"194":5,"197":4,"199":3,"201":3,"204":2,"209":2,"212":2,"254":69,"257":68,"260":67,"263":66,"266":65,"269":64,"272":63,"275":62,"278":60,"281":59,"282":59,"292":58,"297":31,"302":30,"305":29,"315":29,"316":19,"318":10,"319":9,"336":27,"342":26,"345":25,"348":24,"351":23,"352":23,"355":22,"359":22,"365":47,"381":47,"382":47,"415":20,"418":20,"421":19,"424":18,"427":17,"431":16,"434":15,"442":14,"444":14,"451":4,"454":3,"461":10,"462":10,"467":10,"468":7,"472":9,"474":4,"475":4,"483":5,"484":3,"490":4,"502":10,"504":10,"534":21,"537":21,"540":20,"544":19,"552":18,"555":18,"557":10,"562":4,"565":3,"569":6,"570":5,"572":4,"576":4,"577":4,"582":4,"583":4,"589":8,"592":4,"600":7,"604":12,"607":12,"626":17,"629":17,"644":5,"647":5,"654":41,"667":41,"676":124,"681":124},"path":"/Users/laynehaber/Developer/nxtp/packages/contracts/contracts/TransactionManager.sol","s":{"1":9,"2":9,"3":199,"4":215,"5":214,"6":213,"7":213,"8":7,"9":6,"10":5,"11":5,"12":638,"13":637,"14":637,"15":5,"16":4,"17":4,"18":39,"19":38,"20":37,"21":36,"22":35,"23":35,"24":21,"25":14,"26":13,"27":31,"28":5,"29":4,"30":3,"31":3,"32":2,"33":2,"34":69,"35":68,"36":67,"37":66,"38":65,"39":64,"40":63,"41":62,"42":60,"43":59,"44":59,"45":58,"46":31,"47":30,"48":29,"49":29,"50":19,"51":10,"52":9,"53":27,"54":26,"55":25,"56":24,"57":23,"58":23,"59":22,"60":47,"61":47,"62":47,"63":20,"64":20,"65":19,"66":18,"67":17,"68":16,"69":15,"70":14,"71":14,"72":4,"73":3,"74":10,"75":10,"76":7,"77":9,"78":4,"79":4,"80":5,"81":3,"82":4,"83":10,"84":10,"85":21,"86":21,"87":20,"88":19,"89":18,"90":18,"91":10,"92":4,"93":3,"94":6,"95":5,"96":4,"97":4,"98":4,"99":4,"100":8,"101":4,"102":7,"103":12,"104":12,"105":17,"106":17,"107":5,"108":5,"109":41,"110":41,"111":124,"112":124},"b":{"1":[214,1],"2":[213,1],"3":[6,1],"4":[5,1],"5":[637,1],"6":[4,1],"7":[38,1],"8":[37,1],"9":[36,1],"10":[35,1],"11":[21,14],"12":[19,2],"13":[13,1],"14":[4,1],"15":[3,1],"16":[2,1],"17":[68,1],"18":[67,1],"19":[66,1],"20":[65,1],"21":[64,1],"22":[63,1],"23":[62,1],"24":[60,2],"25":[59,1],"26":[58,1],"27":[31,27],"28":[30,1],"29":[29,1],"30":[19,10],"31":[17,2],"32":[9,1],"33":[26,1],"34":[25,1],"35":[24,1],"36":[23,1],"37":[22,1],"38":[19,1],"39":[18,1],"40":[17,1],"41":[16,1],"42":[15,1],"43":[14,1],"44":[4,10],"45":[3,1],"46":[7,3],"47":[4,5],"48":[4,0],"49":[3,2],"50":[20,1],"51":[19,1],"52":[18,1],"53":[10,8],"54":[4,6],"55":[3,1],"56":[5,1],"57":[4,1],"58":[4,0],"59":[4,4],"60":[3,1]},"f":{"1":9,"2":199,"3":215,"4":7,"5":638,"6":5,"7":39,"8":5,"9":69,"10":20,"11":21,"12":17,"13":5,"14":41,"15":124},"fnMap":{"1":{"name":"constructor","line":77,"loc":{"start":{"line":77,"column":2},"end":{"line":80,"column":2}}},"2":{"name":"renounced","line":84,"loc":{"start":{"line":84,"column":2},"end":{"line":86,"column":2}}},"3":{"name":"addRouter","line":90,"loc":{"start":{"line":90,"column":2},"end":{"line":102,"column":2}}},"4":{"name":"removeRouter","line":106,"loc":{"start":{"line":106,"column":2},"end":{"line":118,"column":2}}},"5":{"name":"addAssetId","line":123,"loc":{"start":{"line":123,"column":2},"end":{"line":132,"column":2}}},"6":{"name":"removeAssetId","line":137,"loc":{"start":{"line":137,"column":2},"end":{"line":146,"column":2}}},"7":{"name":"addLiquidity","line":154,"loc":{"start":{"line":154,"column":2},"end":{"line":180,"column":2}}},"8":{"name":"removeLiquidity","line":188,"loc":{"start":{"line":188,"column":2},"end":{"line":213,"column":2}}},"9":{"name":"prepare","line":245,"loc":{"start":{"line":245,"column":2},"end":{"line":383,"column":2}}},"10":{"name":"fulfill","line":411,"loc":{"start":{"line":406,"column":2},"end":{"line":505,"column":2}}},"11":{"name":"cancel","line":524,"loc":{"start":{"line":521,"column":2},"end":{"line":608,"column":2}}},"12":{"name":"recoverFulfillSignature","line":620,"loc":{"start":{"line":620,"column":2},"end":{"line":630,"column":2}}},"13":{"name":"recoverCancelSignature","line":638,"loc":{"start":{"line":638,"column":2},"end":{"line":648,"column":2}}},"14":{"name":"hashInvariantTransactionData","line":653,"loc":{"start":{"line":653,"column":2},"end":{"line":668,"column":2}}},"15":{"name":"hashVariantTransactionData","line":675,"loc":{"start":{"line":675,"column":2},"end":{"line":682,"column":2}}}},"statementMap":{"1":{"start":{"line":78,"column":4},"end":{"line":78,"column":21}},"2":{"start":{"line":79,"column":4},"end":{"line":79,"column":54}},"3":{"start":{"line":85,"column":4},"end":{"line":85,"column":32}},"4":{"start":{"line":92,"column":4},"end":{"line":92,"column":43}},"5":{"start":{"line":95,"column":4},"end":{"line":95,"column":55}},"6":{"start":{"line":98,"column":4},"end":{"line":98,"column":33}},"7":{"start":{"line":101,"column":4},"end":{"line":101,"column":40}},"8":{"start":{"line":108,"column":4},"end":{"line":108,"column":43}},"9":{"start":{"line":111,"column":4},"end":{"line":111,"column":54}},"10":{"start":{"line":114,"column":4},"end":{"line":114,"column":34}},"11":{"start":{"line":117,"column":4},"end":{"line":117,"column":42}},"12":{"start":{"line":125,"column":4},"end":{"line":125,"column":55}},"13":{"start":{"line":128,"column":4},"end":{"line":128,"column":33}},"14":{"start":{"line":131,"column":4},"end":{"line":131,"column":40}},"15":{"start":{"line":139,"column":4},"end":{"line":139,"column":54}},"16":{"start":{"line":142,"column":4},"end":{"line":142,"column":34}},"17":{"start":{"line":145,"column":4},"end":{"line":145,"column":42}},"18":{"start":{"line":156,"column":4},"end":{"line":156,"column":43}},"19":{"start":{"line":159,"column":4},"end":{"line":159,"column":33}},"20":{"start":{"line":162,"column":4},"end":{"line":162,"column":61}},"21":{"start":{"line":165,"column":4},"end":{"line":165,"column":61}},"22":{"start":{"line":168,"column":4},"end":{"line":168,"column":44}},"23":{"start":{"line":171,"column":4},"end":{"line":171,"column":6887}},"24":{"start":{"line":172,"column":6},"end":{"line":172,"column":44}},"25":{"start":{"line":174,"column":6},"end":{"line":174,"column":39}},"26":{"start":{"line":175,"column":6},"end":{"line":175,"column":75}},"27":{"start":{"line":179,"column":4},"end":{"line":179,"column":60}},"28":{"start":{"line":194,"column":4},"end":{"line":194,"column":46}},"29":{"start":{"line":197,"column":4},"end":{"line":197,"column":33}},"30":{"start":{"line":199,"column":4},"end":{"line":199,"column":63}},"31":{"start":{"line":201,"column":4},"end":{"line":201,"column":46}},"32":{"start":{"line":209,"column":4},"end":{"line":209,"column":53}},"33":{"start":{"line":212,"column":4},"end":{"line":212,"column":65}},"34":{"start":{"line":254,"column":4},"end":{"line":254,"column":54}},"35":{"start":{"line":257,"column":4},"end":{"line":257,"column":56}},"36":{"start":{"line":260,"column":4},"end":{"line":260,"column":74}},"37":{"start":{"line":263,"column":4},"end":{"line":263,"column":70}},"38":{"start":{"line":266,"column":4},"end":{"line":266,"column":66}},"39":{"start":{"line":269,"column":4},"end":{"line":269,"column":84}},"40":{"start":{"line":272,"column":4},"end":{"line":272,"column":106}},"41":{"start":{"line":275,"column":4},"end":{"line":275,"column":63}},"42":{"start":{"line":278,"column":4},"end":{"line":278,"column":63}},"43":{"start":{"line":281,"column":4},"end":{"line":281,"column":57}},"44":{"start":{"line":282,"column":4},"end":{"line":282,"column":66}},"45":{"start":{"line":292,"column":4},"end":{"line":292,"column":12614}},"46":{"start":{"line":297,"column":6},"end":{"line":297,"column":34}},"47":{"start":{"line":302,"column":6},"end":{"line":302,"column":83}},"48":{"start":{"line":305,"column":6},"end":{"line":305,"column":94}},"49":{"start":{"line":315,"column":6},"end":{"line":315,"column":13712}},"50":{"start":{"line":316,"column":8},"end":{"line":316,"column":45}},"51":{"start":{"line":318,"column":8},"end":{"line":318,"column":40}},"52":{"start":{"line":319,"column":8},"end":{"line":319,"column":98}},"53":{"start":{"line":336,"column":6},"end":{"line":336,"column":102}},"54":{"start":{"line":342,"column":6},"end":{"line":342,"column":85}},"55":{"start":{"line":345,"column":6},"end":{"line":345,"column":58}},"56":{"start":{"line":348,"column":6},"end":{"line":348,"column":38}},"57":{"start":{"line":351,"column":6},"end":{"line":351,"column":92}},"58":{"start":{"line":352,"column":6},"end":{"line":352,"column":41}},"59":{"start":{"line":355,"column":6},"end":{"line":355,"column":94}},"60":{"start":{"line":365,"column":4},"end":{"line":365,"column":16156}},"61":{"start":{"line":381,"column":4},"end":{"line":381,"column":143}},"62":{"start":{"line":382,"column":4},"end":{"line":382,"column":17}},"63":{"start":{"line":415,"column":4},"end":{"line":415,"column":57}},"64":{"start":{"line":418,"column":4},"end":{"line":418,"column":140}},"65":{"start":{"line":421,"column":4},"end":{"line":421,"column":54}},"66":{"start":{"line":424,"column":4},"end":{"line":424,"column":52}},"67":{"start":{"line":427,"column":4},"end":{"line":427,"column":105}},"68":{"start":{"line":431,"column":4},"end":{"line":431,"column":49}},"69":{"start":{"line":434,"column":4},"end":{"line":434,"column":64}},"70":{"start":{"line":442,"column":4},"end":{"line":442,"column":95}},"71":{"start":{"line":444,"column":4},"end":{"line":444,"column":20246}},"72":{"start":{"line":451,"column":6},"end":{"line":451,"column":51}},"73":{"start":{"line":454,"column":6},"end":{"line":454,"column":74}},"74":{"start":{"line":461,"column":6},"end":{"line":461,"column":20}},"75":{"start":{"line":467,"column":6},"end":{"line":467,"column":21069}},"76":{"start":{"line":468,"column":8},"end":{"line":468,"column":87}},"77":{"start":{"line":472,"column":6},"end":{"line":472,"column":21252}},"78":{"start":{"line":474,"column":8},"end":{"line":474,"column":21362}},"79":{"start":{"line":475,"column":10},"end":{"line":475,"column":98}},"80":{"start":{"line":483,"column":8},"end":{"line":483,"column":21728}},"81":{"start":{"line":484,"column":10},"end":{"line":484,"column":86}},"82":{"start":{"line":490,"column":8},"end":{"line":490,"column":22100}},"83":{"start":{"line":502,"column":4},"end":{"line":502,"column":132}},"84":{"start":{"line":504,"column":4},"end":{"line":504,"column":17}},"85":{"start":{"line":534,"column":4},"end":{"line":534,"column":57}},"86":{"start":{"line":537,"column":4},"end":{"line":537,"column":140}},"87":{"start":{"line":540,"column":4},"end":{"line":540,"column":52}},"88":{"start":{"line":544,"column":4},"end":{"line":544,"column":49}},"89":{"start":{"line":552,"column":4},"end":{"line":552,"column":95}},"90":{"start":{"line":555,"column":4},"end":{"line":555,"column":25272}},"91":{"start":{"line":557,"column":6},"end":{"line":557,"column":25377}},"92":{"start":{"line":562,"column":8},"end":{"line":562,"column":53}},"93":{"start":{"line":565,"column":8},"end":{"line":565,"column":105}},"94":{"start":{"line":569,"column":8},"end":{"line":569,"column":26063}},"95":{"start":{"line":570,"column":10},"end":{"line":570,"column":139}},"96":{"start":{"line":572,"column":10},"end":{"line":572,"column":87}},"97":{"start":{"line":576,"column":8},"end":{"line":576,"column":24}},"98":{"start":{"line":582,"column":8},"end":{"line":582,"column":26546}},"99":{"start":{"line":583,"column":10},"end":{"line":583,"column":102}},"100":{"start":{"line":589,"column":6},"end":{"line":589,"column":26760}},"101":{"start":{"line":592,"column":8},"end":{"line":592,"column":137}},"102":{"start":{"line":600,"column":6},"end":{"line":600,"column":76}},"103":{"start":{"line":604,"column":4},"end":{"line":604,"column":111}},"104":{"start":{"line":607,"column":4},"end":{"line":607,"column":17}},"105":{"start":{"line":626,"column":4},"end":{"line":626,"column":112}},"106":{"start":{"line":629,"column":4},"end":{"line":629,"column":97}},"107":{"start":{"line":644,"column":4},"end":{"line":644,"column":128}},"108":{"start":{"line":647,"column":4},"end":{"line":647,"column":97}},"109":{"start":{"line":654,"column":4},"end":{"line":654,"column":29558}},"110":{"start":{"line":667,"column":4},"end":{"line":667,"column":43}},"111":{"start":{"line":676,"column":4},"end":{"line":676,"column":30523}},"112":{"start":{"line":681,"column":4},"end":{"line":681,"column":41}}},"branchMap":{"1":{"line":92,"type":"if","locations":[{"start":{"line":92,"column":4},"end":{"line":92,"column":4}},{"start":{"line":92,"column":4},"end":{"line":92,"column":4}}]},"2":{"line":95,"type":"if","locations":[{"start":{"line":95,"column":4},"end":{"line":95,"column":4}},{"start":{"line":95,"column":4},"end":{"line":95,"column":4}}]},"3":{"line":108,"type":"if","locations":[{"start":{"line":108,"column":4},"end":{"line":108,"column":4}},{"start":{"line":108,"column":4},"end":{"line":108,"column":4}}]},"4":{"line":111,"type":"if","locations":[{"start":{"line":111,"column":4},"end":{"line":111,"column":4}},{"start":{"line":111,"column":4},"end":{"line":111,"column":4}}]},"5":{"line":125,"type":"if","locations":[{"start":{"line":125,"column":4},"end":{"line":125,"column":4}},{"start":{"line":125,"column":4},"end":{"line":125,"column":4}}]},"6":{"line":139,"type":"if","locations":[{"start":{"line":139,"column":4},"end":{"line":139,"column":4}},{"start":{"line":139,"column":4},"end":{"line":139,"column":4}}]},"7":{"line":156,"type":"if","locations":[{"start":{"line":156,"column":4},"end":{"line":156,"column":4}},{"start":{"line":156,"column":4},"end":{"line":156,"column":4}}]},"8":{"line":159,"type":"if","locations":[{"start":{"line":159,"column":4},"end":{"line":159,"column":4}},{"start":{"line":159,"column":4},"end":{"line":159,"column":4}}]},"9":{"line":162,"type":"if","locations":[{"start":{"line":162,"column":4},"end":{"line":162,"column":4}},{"start":{"line":162,"column":4},"end":{"line":162,"column":4}}]},"10":{"line":165,"type":"if","locations":[{"start":{"line":165,"column":4},"end":{"line":165,"column":4}},{"start":{"line":165,"column":4},"end":{"line":165,"column":4}}]},"11":{"line":171,"type":"if","locations":[{"start":{"line":171,"column":4},"end":{"line":171,"column":4}},{"start":{"line":171,"column":4},"end":{"line":171,"column":4}}]},"12":{"line":172,"type":"if","locations":[{"start":{"line":172,"column":6},"end":{"line":172,"column":6}},{"start":{"line":172,"column":6},"end":{"line":172,"column":6}}]},"13":{"line":174,"type":"if","locations":[{"start":{"line":174,"column":6},"end":{"line":174,"column":6}},{"start":{"line":174,"column":6},"end":{"line":174,"column":6}}]},"14":{"line":194,"type":"if","locations":[{"start":{"line":194,"column":4},"end":{"line":194,"column":4}},{"start":{"line":194,"column":4},"end":{"line":194,"column":4}}]},"15":{"line":197,"type":"if","locations":[{"start":{"line":197,"column":4},"end":{"line":197,"column":4}},{"start":{"line":197,"column":4},"end":{"line":197,"column":4}}]},"16":{"line":201,"type":"if","locations":[{"start":{"line":201,"column":4},"end":{"line":201,"column":4}},{"start":{"line":201,"column":4},"end":{"line":201,"column":4}}]},"17":{"line":254,"type":"if","locations":[{"start":{"line":254,"column":4},"end":{"line":254,"column":4}},{"start":{"line":254,"column":4},"end":{"line":254,"column":4}}]},"18":{"line":257,"type":"if","locations":[{"start":{"line":257,"column":4},"end":{"line":257,"column":4}},{"start":{"line":257,"column":4},"end":{"line":257,"column":4}}]},"19":{"line":260,"type":"if","locations":[{"start":{"line":260,"column":4},"end":{"line":260,"column":4}},{"start":{"line":260,"column":4},"end":{"line":260,"column":4}}]},"20":{"line":263,"type":"if","locations":[{"start":{"line":263,"column":4},"end":{"line":263,"column":4}},{"start":{"line":263,"column":4},"end":{"line":263,"column":4}}]},"21":{"line":266,"type":"if","locations":[{"start":{"line":266,"column":4},"end":{"line":266,"column":4}},{"start":{"line":266,"column":4},"end":{"line":266,"column":4}}]},"22":{"line":269,"type":"if","locations":[{"start":{"line":269,"column":4},"end":{"line":269,"column":4}},{"start":{"line":269,"column":4},"end":{"line":269,"column":4}}]},"23":{"line":272,"type":"if","locations":[{"start":{"line":272,"column":4},"end":{"line":272,"column":4}},{"start":{"line":272,"column":4},"end":{"line":272,"column":4}}]},"24":{"line":275,"type":"if","locations":[{"start":{"line":275,"column":4},"end":{"line":275,"column":4}},{"start":{"line":275,"column":4},"end":{"line":275,"column":4}}]},"25":{"line":278,"type":"if","locations":[{"start":{"line":278,"column":4},"end":{"line":278,"column":4}},{"start":{"line":278,"column":4},"end":{"line":278,"column":4}}]},"26":{"line":282,"type":"if","locations":[{"start":{"line":282,"column":4},"end":{"line":282,"column":4}},{"start":{"line":282,"column":4},"end":{"line":282,"column":4}}]},"27":{"line":292,"type":"if","locations":[{"start":{"line":292,"column":4},"end":{"line":292,"column":4}},{"start":{"line":292,"column":4},"end":{"line":292,"column":4}}]},"28":{"line":297,"type":"if","locations":[{"start":{"line":297,"column":6},"end":{"line":297,"column":6}},{"start":{"line":297,"column":6},"end":{"line":297,"column":6}}]},"29":{"line":302,"type":"if","locations":[{"start":{"line":302,"column":6},"end":{"line":302,"column":6}},{"start":{"line":302,"column":6},"end":{"line":302,"column":6}}]},"30":{"line":315,"type":"if","locations":[{"start":{"line":315,"column":6},"end":{"line":315,"column":6}},{"start":{"line":315,"column":6},"end":{"line":315,"column":6}}]},"31":{"line":316,"type":"if","locations":[{"start":{"line":316,"column":8},"end":{"line":316,"column":8}},{"start":{"line":316,"column":8},"end":{"line":316,"column":8}}]},"32":{"line":318,"type":"if","locations":[{"start":{"line":318,"column":8},"end":{"line":318,"column":8}},{"start":{"line":318,"column":8},"end":{"line":318,"column":8}}]},"33":{"line":336,"type":"if","locations":[{"start":{"line":336,"column":6},"end":{"line":336,"column":6}},{"start":{"line":336,"column":6},"end":{"line":336,"column":6}}]},"34":{"line":342,"type":"if","locations":[{"start":{"line":342,"column":6},"end":{"line":342,"column":6}},{"start":{"line":342,"column":6},"end":{"line":342,"column":6}}]},"35":{"line":345,"type":"if","locations":[{"start":{"line":345,"column":6},"end":{"line":345,"column":6}},{"start":{"line":345,"column":6},"end":{"line":345,"column":6}}]},"36":{"line":348,"type":"if","locations":[{"start":{"line":348,"column":6},"end":{"line":348,"column":6}},{"start":{"line":348,"column":6},"end":{"line":348,"column":6}}]},"37":{"line":352,"type":"if","locations":[{"start":{"line":352,"column":6},"end":{"line":352,"column":6}},{"start":{"line":352,"column":6},"end":{"line":352,"column":6}}]},"38":{"line":418,"type":"if","locations":[{"start":{"line":418,"column":4},"end":{"line":418,"column":4}},{"start":{"line":418,"column":4},"end":{"line":418,"column":4}}]},"39":{"line":421,"type":"if","locations":[{"start":{"line":421,"column":4},"end":{"line":421,"column":4}},{"start":{"line":421,"column":4},"end":{"line":421,"column":4}}]},"40":{"line":424,"type":"if","locations":[{"start":{"line":424,"column":4},"end":{"line":424,"column":4}},{"start":{"line":424,"column":4},"end":{"line":424,"column":4}}]},"41":{"line":427,"type":"if","locations":[{"start":{"line":427,"column":4},"end":{"line":427,"column":4}},{"start":{"line":427,"column":4},"end":{"line":427,"column":4}}]},"42":{"line":431,"type":"if","locations":[{"start":{"line":431,"column":4},"end":{"line":431,"column":4}},{"start":{"line":431,"column":4},"end":{"line":431,"column":4}}]},"43":{"line":434,"type":"if","locations":[{"start":{"line":434,"column":4},"end":{"line":434,"column":4}},{"start":{"line":434,"column":4},"end":{"line":434,"column":4}}]},"44":{"line":444,"type":"if","locations":[{"start":{"line":444,"column":4},"end":{"line":444,"column":4}},{"start":{"line":444,"column":4},"end":{"line":444,"column":4}}]},"45":{"line":451,"type":"if","locations":[{"start":{"line":451,"column":6},"end":{"line":451,"column":6}},{"start":{"line":451,"column":6},"end":{"line":451,"column":6}}]},"46":{"line":467,"type":"if","locations":[{"start":{"line":467,"column":6},"end":{"line":467,"column":6}},{"start":{"line":467,"column":6},"end":{"line":467,"column":6}}]},"47":{"line":472,"type":"if","locations":[{"start":{"line":472,"column":6},"end":{"line":472,"column":6}},{"start":{"line":472,"column":6},"end":{"line":472,"column":6}}]},"48":{"line":474,"type":"if","locations":[{"start":{"line":474,"column":8},"end":{"line":474,"column":8}},{"start":{"line":474,"column":8},"end":{"line":474,"column":8}}]},"49":{"line":483,"type":"if","locations":[{"start":{"line":483,"column":8},"end":{"line":483,"column":8}},{"start":{"line":483,"column":8},"end":{"line":483,"column":8}}]},"50":{"line":537,"type":"if","locations":[{"start":{"line":537,"column":4},"end":{"line":537,"column":4}},{"start":{"line":537,"column":4},"end":{"line":537,"column":4}}]},"51":{"line":540,"type":"if","locations":[{"start":{"line":540,"column":4},"end":{"line":540,"column":4}},{"start":{"line":540,"column":4},"end":{"line":540,"column":4}}]},"52":{"line":544,"type":"if","locations":[{"start":{"line":544,"column":4},"end":{"line":544,"column":4}},{"start":{"line":544,"column":4},"end":{"line":544,"column":4}}]},"53":{"line":555,"type":"if","locations":[{"start":{"line":555,"column":4},"end":{"line":555,"column":4}},{"start":{"line":555,"column":4},"end":{"line":555,"column":4}}]},"54":{"line":557,"type":"if","locations":[{"start":{"line":557,"column":6},"end":{"line":557,"column":6}},{"start":{"line":557,"column":6},"end":{"line":557,"column":6}}]},"55":{"line":562,"type":"if","locations":[{"start":{"line":562,"column":8},"end":{"line":562,"column":8}},{"start":{"line":562,"column":8},"end":{"line":562,"column":8}}]},"56":{"line":569,"type":"if","locations":[{"start":{"line":569,"column":8},"end":{"line":569,"column":8}},{"start":{"line":569,"column":8},"end":{"line":569,"column":8}}]},"57":{"line":570,"type":"if","locations":[{"start":{"line":570,"column":10},"end":{"line":570,"column":10}},{"start":{"line":570,"column":10},"end":{"line":570,"column":10}}]},"58":{"line":582,"type":"if","locations":[{"start":{"line":582,"column":8},"end":{"line":582,"column":8}},{"start":{"line":582,"column":8},"end":{"line":582,"column":8}}]},"59":{"line":589,"type":"if","locations":[{"start":{"line":589,"column":6},"end":{"line":589,"column":6}},{"start":{"line":589,"column":6},"end":{"line":589,"column":6}}]},"60":{"line":592,"type":"if","locations":[{"start":{"line":592,"column":8},"end":{"line":592,"column":8}},{"start":{"line":592,"column":8},"end":{"line":592,"column":8}}]}}}}