{"contracts/interfaces/IERC20Minimal.sol":{"l":{},"path":"/Users/laynehaber/Developer/nxtp/packages/contracts/contracts/interfaces/IERC20Minimal.sol","s":{},"b":{},"f":{},"fnMap":{},"statementMap":{},"branchMap":{}},"contracts/interfaces/IFulfillInterpreter.sol":{"l":{},"path":"/Users/laynehaber/Developer/nxtp/packages/contracts/contracts/interfaces/IFulfillInterpreter.sol","s":{},"b":{},"f":{},"fnMap":{},"statementMap":{},"branchMap":{}},"contracts/interfaces/ITransactionManager.sol":{"l":{},"path":"/Users/laynehaber/Developer/nxtp/packages/contracts/contracts/interfaces/ITransactionManager.sol","s":{},"b":{},"f":{},"fnMap":{},"statementMap":{},"branchMap":{}},"contracts/interpreters/FulfillInterpreter.sol":{"l":{"19":12,"26":8,"27":7,"36":1,"66":7,"67":7,"68":4,"73":7,"75":7,"77":3,"79":3,"80":2,"85":7},"path":"/Users/laynehaber/Developer/nxtp/packages/contracts/contracts/interpreters/FulfillInterpreter.sol","s":{"1":12,"2":8,"3":1,"4":7,"5":7,"6":4,"7":7,"8":7,"9":3,"10":3,"11":2,"12":7},"b":{"1":[7,1],"2":[4,3],"3":[3,4],"4":[2,1]},"f":{"1":12,"2":8,"3":1,"4":7},"fnMap":{"1":{"name":"constructor","line":18,"loc":{"start":{"line":18,"column":2},"end":{"line":20,"column":2}}},"2":{"name":"onlyTransactionManager","line":25,"loc":{"start":{"line":25,"column":2},"end":{"line":28,"column":2}}},"3":{"name":"getTransactionManager","line":35,"loc":{"start":{"line":35,"column":2},"end":{"line":37,"column":2}}},"4":{"name":"execute","line":61,"loc":{"start":{"line":54,"column":2},"end":{"line":95,"column":2}}}},"statementMap":{"1":{"start":{"line":19,"column":4},"end":{"line":19,"column":43}},"2":{"start":{"line":26,"column":4},"end":{"line":26,"column":57}},"3":{"start":{"line":36,"column":4},"end":{"line":36,"column":30}},"4":{"start":{"line":66,"column":4},"end":{"line":66,"column":47}},"5":{"start":{"line":67,"column":4},"end":{"line":67,"column":2579}},"6":{"start":{"line":68,"column":6},"end":{"line":68,"column":58}},"7":{"start":{"line":73,"column":4},"end":{"line":73,"column":96}},"8":{"start":{"line":75,"column":4},"end":{"line":75,"column":2872}},"9":{"start":{"line":77,"column":6},"end":{"line":77,"column":58}},"10":{"start":{"line":79,"column":6},"end":{"line":79,"column":3028}},"11":{"start":{"line":80,"column":8},"end":{"line":80,"column":60}},"12":{"start":{"line":85,"column":4},"end":{"line":85,"column":3143}}},"branchMap":{"1":{"line":26,"type":"if","locations":[{"start":{"line":26,"column":4},"end":{"line":26,"column":4}},{"start":{"line":26,"column":4},"end":{"line":26,"column":4}}]},"2":{"line":67,"type":"if","locations":[{"start":{"line":67,"column":4},"end":{"line":67,"column":4}},{"start":{"line":67,"column":4},"end":{"line":67,"column":4}}]},"3":{"line":75,"type":"if","locations":[{"start":{"line":75,"column":4},"end":{"line":75,"column":4}},{"start":{"line":75,"column":4},"end":{"line":75,"column":4}}]},"4":{"line":79,"type":"if","locations":[{"start":{"line":79,"column":6},"end":{"line":79,"column":6}},{"start":{"line":79,"column":6},"end":{"line":79,"column":6}}]}}},"contracts/libraries/Asset.sol":{"l":{"28":453,"37":313,"52":18,"53":18,"68":21,"84":27,"98":7,"99":6,"113":4,"114":3,"131":33},"path":"/Users/laynehaber/Developer/nxtp/packages/contracts/contracts/libraries/Asset.sol","s":{"1":453,"2":313,"3":18,"4":18,"5":21,"6":27,"7":7,"8":6,"9":4,"10":3,"11":33},"b":{"1":[17,1],"2":[6,1],"3":[3,1]},"f":{"1":453,"2":313,"3":18,"4":21,"5":27,"6":7,"7":4,"8":33},"fnMap":{"1":{"name":"isNativeAsset","line":27,"loc":{"start":{"line":27,"column":4},"end":{"line":29,"column":4}}},"2":{"name":"getOwnBalance","line":36,"loc":{"start":{"line":36,"column":4},"end":{"line":41,"column":4}}},"3":{"name":"transferEther","line":49,"loc":{"start":{"line":49,"column":4},"end":{"line":54,"column":4}}},"4":{"name":"transferERC20","line":63,"loc":{"start":{"line":63,"column":4},"end":{"line":69,"column":4}}},"5":{"name":"transferFromERC20","line":78,"loc":{"start":{"line":78,"column":4},"end":{"line":85,"column":4}}},"6":{"name":"increaseERC20Allowance","line":93,"loc":{"start":{"line":93,"column":4},"end":{"line":100,"column":4}}},"7":{"name":"decreaseERC20Allowance","line":108,"loc":{"start":{"line":108,"column":4},"end":{"line":115,"column":4}}},"8":{"name":"transferAsset","line":126,"loc":{"start":{"line":126,"column":4},"end":{"line":134,"column":4}}}},"statementMap":{"1":{"start":{"line":28,"column":6},"end":{"line":28,"column":38}},"2":{"start":{"line":37,"column":6},"end":{"line":37,"column":1339}},"3":{"start":{"line":52,"column":6},"end":{"line":52,"column":57}},"4":{"start":{"line":53,"column":6},"end":{"line":53,"column":32}},"5":{"start":{"line":68,"column":6},"end":{"line":68,"column":63}},"6":{"start":{"line":84,"column":6},"end":{"line":84,"column":66}},"7":{"start":{"line":98,"column":6},"end":{"line":98,"column":48}},"8":{"start":{"line":99,"column":6},"end":{"line":99,"column":70}},"9":{"start":{"line":113,"column":6},"end":{"line":113,"column":48}},"10":{"start":{"line":114,"column":6},"end":{"line":114,"column":70}},"11":{"start":{"line":131,"column":6},"end":{"line":131,"column":4467}}},"branchMap":{"1":{"line":53,"type":"if","locations":[{"start":{"line":53,"column":6},"end":{"line":53,"column":6}},{"start":{"line":53,"column":6},"end":{"line":53,"column":6}}]},"2":{"line":98,"type":"if","locations":[{"start":{"line":98,"column":6},"end":{"line":98,"column":6}},{"start":{"line":98,"column":6},"end":{"line":98,"column":6}}]},"3":{"line":113,"type":"if","locations":[{"start":{"line":113,"column":6},"end":{"line":113,"column":6}},{"start":{"line":113,"column":6},"end":{"line":113,"column":6}}]}}},"contracts/ProposedOwnable.sol":{"l":{"42":9,"49":1171,"56":14,"63":2,"70":1,"77":971,"78":965,"86":12,"94":8,"95":7,"99":16,"100":16,"101":16,"105":12,"106":12,"107":12},"path":"/Users/laynehaber/Developer/nxtp/packages/contracts/contracts/ProposedOwnable.sol","s":{"1":9,"2":1171,"3":14,"4":2,"5":1,"6":971,"7":12,"8":8,"9":7,"10":16,"11":16,"12":16,"13":12,"14":12,"15":12},"b":{"1":[965,6],"2":[7,1]},"f":{"1":9,"2":1171,"3":14,"4":2,"5":1,"6":971,"7":12,"8":8,"9":16,"10":12},"fnMap":{"1":{"name":"constructor","line":41,"loc":{"start":{"line":41,"column":2},"end":{"line":43,"column":2}}},"2":{"name":"owner","line":48,"loc":{"start":{"line":48,"column":2},"end":{"line":50,"column":2}}},"3":{"name":"proposed","line":55,"loc":{"start":{"line":55,"column":2},"end":{"line":57,"column":2}}},"4":{"name":"proposedTimestamp","line":62,"loc":{"start":{"line":62,"column":2},"end":{"line":64,"column":2}}},"5":{"name":"delay","line":69,"loc":{"start":{"line":69,"column":2},"end":{"line":71,"column":2}}},"6":{"name":"onlyOwner","line":76,"loc":{"start":{"line":76,"column":2},"end":{"line":79,"column":2}}},"7":{"name":"proposeNewOwner","line":85,"loc":{"start":{"line":85,"column":2},"end":{"line":87,"column":2}}},"8":{"name":"acceptProposedOwner","line":93,"loc":{"start":{"line":93,"column":2},"end":{"line":96,"column":2}}},"9":{"name":"_setOwner","line":98,"loc":{"start":{"line":98,"column":2},"end":{"line":102,"column":2}}},"10":{"name":"_setProposed","line":104,"loc":{"start":{"line":104,"column":2},"end":{"line":108,"column":2}}}},"statementMap":{"1":{"start":{"line":42,"column":4},"end":{"line":42,"column":24}},"2":{"start":{"line":49,"column":4},"end":{"line":49,"column":17}},"3":{"start":{"line":56,"column":4},"end":{"line":56,"column":20}},"4":{"start":{"line":63,"column":4},"end":{"line":63,"column":29}},"5":{"start":{"line":70,"column":4},"end":{"line":70,"column":17}},"6":{"start":{"line":77,"column":6},"end":{"line":77,"column":46}},"7":{"start":{"line":86,"column":4},"end":{"line":86,"column":30}},"8":{"start":{"line":94,"column":4},"end":{"line":94,"column":71}},"9":{"start":{"line":95,"column":4},"end":{"line":95,"column":23}},"10":{"start":{"line":99,"column":4},"end":{"line":99,"column":29}},"11":{"start":{"line":100,"column":4},"end":{"line":100,"column":20}},"12":{"start":{"line":101,"column":4},"end":{"line":101,"column":49}},"13":{"start":{"line":105,"column":4},"end":{"line":105,"column":39}},"14":{"start":{"line":106,"column":4},"end":{"line":106,"column":28}},"15":{"start":{"line":107,"column":4},"end":{"line":107,"column":37}}},"branchMap":{"1":{"line":77,"type":"if","locations":[{"start":{"line":77,"column":6},"end":{"line":77,"column":6}},{"start":{"line":77,"column":6},"end":{"line":77,"column":6}}]},"2":{"line":94,"type":"if","locations":[{"start":{"line":94,"column":4},"end":{"line":94,"column":4}},{"start":{"line":94,"column":4},"end":{"line":94,"column":4}}]}}},"contracts/TransactionManager.sol":{"l":{"127":9,"128":9,"137":171,"150":5,"162":185,"171":235,"174":234,"177":233,"180":233,"189":7,"192":6,"195":5,"198":5,"208":698,"211":697,"214":697,"224":5,"227":4,"230":4,"243":45,"246":44,"249":43,"252":43,"255":42,"258":41,"259":26,"261":15,"262":14,"263":14,"264":13,"269":37,"272":37,"289":5,"292":4,"295":3,"298":3,"301":3,"304":2,"312":2,"317":2,"320":2,"323":2,"373":74,"376":73,"380":72,"383":71,"386":70,"389":69,"392":68,"395":67,"398":65,"403":64,"413":63,"416":63,"421":32,"426":31,"436":30,"437":20,"439":10,"440":9,"441":9,"442":8,"449":26,"452":26,"455":26,"471":31,"477":30,"480":29,"483":28,"487":27,"490":26,"497":26,"500":25,"504":25,"510":51,"527":51,"538":51,"573":22,"576":22,"586":21,"589":20,"592":19,"595":18,"603":17,"605":17,"606":17,"612":4,"616":3,"623":3,"626":3,"633":13,"641":13,"648":12,"651":12,"652":12,"657":12,"658":8,"662":11,"664":6,"665":4,"676":5,"677":3,"683":4,"696":12,"708":12,"740":22,"743":22,"746":21,"754":20,"758":20,"759":20,"761":12,"768":12,"773":4,"776":3,"779":3,"782":3,"785":8,"788":7,"791":7,"795":7,"796":6,"798":5,"802":5,"803":5,"808":5,"809":4,"815":8,"818":4,"827":7,"834":7,"838":13,"841":13,"859":213,"860":101,"862":112,"880":26,"881":2,"883":24,"903":63,"906":63,"926":25,"933":25,"942":44,"955":44,"970":132,"975":132},"path":"/Users/laynehaber/Developer/nxtp/packages/contracts/contracts/TransactionManager.sol","s":{"1":9,"2":9,"3":171,"4":5,"5":185,"6":235,"7":234,"8":233,"9":233,"10":7,"11":6,"12":5,"13":5,"14":698,"15":697,"16":697,"17":5,"18":4,"19":4,"20":45,"21":44,"22":43,"23":43,"24":42,"25":41,"26":26,"27":15,"28":14,"29":14,"30":13,"31":37,"32":37,"33":5,"34":4,"35":3,"36":3,"37":3,"38":2,"39":2,"40":2,"41":2,"42":74,"43":73,"44":72,"45":71,"46":70,"47":69,"48":68,"49":67,"50":65,"51":64,"52":63,"53":63,"54":32,"55":31,"56":30,"57":20,"58":10,"59":9,"60":9,"61":8,"62":26,"63":26,"64":26,"65":31,"66":30,"67":29,"68":28,"69":27,"70":26,"71":26,"72":25,"73":51,"74":51,"75":51,"76":22,"77":22,"78":21,"79":20,"80":19,"81":18,"82":17,"83":17,"84":17,"85":4,"86":3,"87":3,"88":3,"89":13,"90":13,"91":12,"92":12,"93":12,"94":8,"95":11,"96":6,"97":4,"98":5,"99":3,"100":4,"101":12,"102":12,"103":22,"104":22,"105":21,"106":20,"107":20,"108":20,"109":12,"110":12,"111":4,"112":3,"113":3,"114":3,"115":8,"116":7,"117":7,"118":7,"119":6,"120":5,"121":5,"122":5,"123":4,"124":8,"125":4,"126":7,"127":7,"128":13,"129":13,"130":213,"131":101,"132":112,"133":26,"134":2,"135":24,"136":63,"137":63,"138":25,"139":25,"140":44,"141":44,"142":132,"143":132},"b":{"1":[234,1],"2":[233,1],"3":[6,1],"4":[5,1],"5":[697,1],"6":[4,1],"7":[44,1],"8":[43,1],"9":[42,1],"10":[41,1],"11":[26,15],"12":[24,2],"13":[14,1],"14":[4,1],"15":[3,1],"16":[2,1],"17":[73,1],"18":[72,1],"19":[71,1],"20":[70,1],"21":[69,1],"22":[68,1],"23":[67,1],"24":[65,2],"25":[64,1],"26":[63,1],"27":[32,31],"28":[31,1],"29":[30,1],"30":[20,10],"31":[18,2],"32":[9,1],"33":[30,1],"34":[29,1],"35":[28,1],"36":[27,1],"37":[26,1],"38":[25,1],"39":[21,1],"40":[20,1],"41":[19,1],"42":[18,1],"43":[17,1],"44":[4,13],"45":[3,1],"46":[12,1],"47":[8,4],"48":[6,5],"49":[4,2],"50":[3,2],"51":[21,1],"52":[20,1],"53":[12,8],"54":[4,8],"55":[3,1],"56":[7,1],"57":[6,1],"58":[5,1],"59":[4,1],"60":[4,4],"61":[3,1],"62":[101,112],"63":[2,24]},"f":{"1":9,"2":171,"3":5,"4":185,"5":235,"6":7,"7":698,"8":5,"9":45,"10":5,"11":74,"12":22,"13":22,"14":213,"15":26,"16":63,"17":25,"18":44,"19":132},"fnMap":{"1":{"name":"constructor","line":126,"loc":{"start":{"line":126,"column":2},"end":{"line":129,"column":2}}},"2":{"name":"getRouterBalance","line":136,"loc":{"start":{"line":136,"column":2},"end":{"line":142,"column":2}}},"3":{"name":"getAmountFromShares","line":149,"loc":{"start":{"line":149,"column":2},"end":{"line":155,"column":2}}},"4":{"name":"renounced","line":161,"loc":{"start":{"line":161,"column":2},"end":{"line":163,"column":2}}},"5":{"name":"addRouter","line":169,"loc":{"start":{"line":169,"column":2},"end":{"line":181,"column":2}}},"6":{"name":"removeRouter","line":187,"loc":{"start":{"line":187,"column":2},"end":{"line":199,"column":2}}},"7":{"name":"addAssetId","line":206,"loc":{"start":{"line":206,"column":2},"end":{"line":215,"column":2}}},"8":{"name":"removeAssetId","line":222,"loc":{"start":{"line":222,"column":2},"end":{"line":231,"column":2}}},"9":{"name":"addLiquidity","line":241,"loc":{"start":{"line":241,"column":2},"end":{"line":273,"column":2}}},"10":{"name":"removeLiquidity","line":283,"loc":{"start":{"line":283,"column":2},"end":{"line":330,"column":2}}},"11":{"name":"prepare","line":371,"loc":{"start":{"line":364,"column":2},"end":{"line":539,"column":2}}},"12":{"name":"fulfill","line":569,"loc":{"start":{"line":564,"column":2},"end":{"line":709,"column":2}}},"13":{"name":"cancel","line":730,"loc":{"start":{"line":727,"column":2},"end":{"line":842,"column":2}}},"14":{"name":"getAmountFromIssuedShares","line":854,"loc":{"start":{"line":854,"column":2},"end":{"line":867,"column":2}}},"15":{"name":"getIssuedSharesFromAmount","line":875,"loc":{"start":{"line":875,"column":2},"end":{"line":888,"column":2}}},"16":{"name":"handleFundsSentToContracts","line":897,"loc":{"start":{"line":897,"column":2},"end":{"line":907,"column":2}}},"17":{"name":"recoverSignature","line":919,"loc":{"start":{"line":919,"column":2},"end":{"line":934,"column":2}}},"18":{"name":"hashInvariantTransactionData","line":941,"loc":{"start":{"line":941,"column":2},"end":{"line":956,"column":2}}},"19":{"name":"hashVariantTransactionData","line":965,"loc":{"start":{"line":965,"column":2},"end":{"line":976,"column":2}}}},"statementMap":{"1":{"start":{"line":127,"column":4},"end":{"line":127,"column":21}},"2":{"start":{"line":128,"column":4},"end":{"line":128,"column":54}},"3":{"start":{"line":137,"column":4},"end":{"line":137,"column":5670}},"4":{"start":{"line":150,"column":4},"end":{"line":150,"column":6136}},"5":{"start":{"line":162,"column":4},"end":{"line":162,"column":32}},"6":{"start":{"line":171,"column":4},"end":{"line":171,"column":43}},"7":{"start":{"line":174,"column":4},"end":{"line":174,"column":55}},"8":{"start":{"line":177,"column":4},"end":{"line":177,"column":33}},"9":{"start":{"line":180,"column":4},"end":{"line":180,"column":40}},"10":{"start":{"line":189,"column":4},"end":{"line":189,"column":43}},"11":{"start":{"line":192,"column":4},"end":{"line":192,"column":54}},"12":{"start":{"line":195,"column":4},"end":{"line":195,"column":34}},"13":{"start":{"line":198,"column":4},"end":{"line":198,"column":42}},"14":{"start":{"line":208,"column":4},"end":{"line":208,"column":55}},"15":{"start":{"line":211,"column":4},"end":{"line":211,"column":33}},"16":{"start":{"line":214,"column":4},"end":{"line":214,"column":40}},"17":{"start":{"line":224,"column":4},"end":{"line":224,"column":54}},"18":{"start":{"line":227,"column":4},"end":{"line":227,"column":34}},"19":{"start":{"line":230,"column":4},"end":{"line":230,"column":42}},"20":{"start":{"line":243,"column":4},"end":{"line":243,"column":43}},"21":{"start":{"line":246,"column":4},"end":{"line":246,"column":33}},"22":{"start":{"line":249,"column":4},"end":{"line":249,"column":34}},"23":{"start":{"line":252,"column":4},"end":{"line":252,"column":61}},"24":{"start":{"line":255,"column":4},"end":{"line":255,"column":61}},"25":{"start":{"line":258,"column":4},"end":{"line":258,"column":9313}},"26":{"start":{"line":259,"column":6},"end":{"line":259,"column":44}},"27":{"start":{"line":261,"column":6},"end":{"line":261,"column":39}},"28":{"start":{"line":262,"column":6},"end":{"line":262,"column":56}},"29":{"start":{"line":263,"column":6},"end":{"line":263,"column":72}},"30":{"start":{"line":264,"column":6},"end":{"line":264,"column":56}},"31":{"start":{"line":269,"column":4},"end":{"line":269,"column":54}},"32":{"start":{"line":272,"column":4},"end":{"line":272,"column":60}},"33":{"start":{"line":289,"column":4},"end":{"line":289,"column":46}},"34":{"start":{"line":292,"column":4},"end":{"line":292,"column":33}},"35":{"start":{"line":295,"column":4},"end":{"line":295,"column":60}},"36":{"start":{"line":298,"column":4},"end":{"line":298,"column":52}},"37":{"start":{"line":301,"column":4},"end":{"line":301,"column":45}},"38":{"start":{"line":304,"column":4},"end":{"line":304,"column":10898}},"39":{"start":{"line":317,"column":4},"end":{"line":317,"column":52}},"40":{"start":{"line":320,"column":4},"end":{"line":320,"column":50}},"41":{"start":{"line":323,"column":4},"end":{"line":323,"column":11411}},"42":{"start":{"line":373,"column":4},"end":{"line":373,"column":54}},"43":{"start":{"line":376,"column":4},"end":{"line":376,"column":56}},"44":{"start":{"line":380,"column":4},"end":{"line":380,"column":74}},"45":{"start":{"line":383,"column":4},"end":{"line":383,"column":70}},"46":{"start":{"line":386,"column":4},"end":{"line":386,"column":66}},"47":{"start":{"line":389,"column":4},"end":{"line":389,"column":84}},"48":{"start":{"line":392,"column":4},"end":{"line":392,"column":106}},"49":{"start":{"line":395,"column":4},"end":{"line":395,"column":63}},"50":{"start":{"line":398,"column":4},"end":{"line":398,"column":63}},"51":{"start":{"line":403,"column":4},"end":{"line":403,"column":96}},"52":{"start":{"line":413,"column":4},"end":{"line":413,"column":18}},"53":{"start":{"line":416,"column":4},"end":{"line":416,"column":15933}},"54":{"start":{"line":421,"column":6},"end":{"line":421,"column":34}},"55":{"start":{"line":426,"column":6},"end":{"line":426,"column":83}},"56":{"start":{"line":436,"column":6},"end":{"line":436,"column":16893}},"57":{"start":{"line":437,"column":8},"end":{"line":437,"column":45}},"58":{"start":{"line":439,"column":8},"end":{"line":439,"column":40}},"59":{"start":{"line":440,"column":8},"end":{"line":440,"column":79}},"60":{"start":{"line":441,"column":8},"end":{"line":441,"column":95}},"61":{"start":{"line":442,"column":8},"end":{"line":442,"column":79}},"62":{"start":{"line":449,"column":6},"end":{"line":449,"column":20}},"63":{"start":{"line":452,"column":6},"end":{"line":452,"column":89}},"64":{"start":{"line":455,"column":6},"end":{"line":455,"column":124}},"65":{"start":{"line":471,"column":6},"end":{"line":471,"column":102}},"66":{"start":{"line":477,"column":6},"end":{"line":477,"column":85}},"67":{"start":{"line":480,"column":6},"end":{"line":480,"column":58}},"68":{"start":{"line":483,"column":6},"end":{"line":483,"column":38}},"69":{"start":{"line":487,"column":6},"end":{"line":487,"column":85}},"70":{"start":{"line":490,"column":6},"end":{"line":490,"column":19612}},"71":{"start":{"line":497,"column":6},"end":{"line":497,"column":100}},"72":{"start":{"line":500,"column":6},"end":{"line":500,"column":124}},"73":{"start":{"line":510,"column":4},"end":{"line":510,"column":20367}},"74":{"start":{"line":527,"column":4},"end":{"line":527,"column":21051}},"75":{"start":{"line":538,"column":4},"end":{"line":538,"column":17}},"76":{"start":{"line":573,"column":4},"end":{"line":573,"column":57}},"77":{"start":{"line":576,"column":4},"end":{"line":576,"column":23261}},"78":{"start":{"line":586,"column":4},"end":{"line":586,"column":54}},"79":{"start":{"line":589,"column":4},"end":{"line":589,"column":52}},"80":{"start":{"line":592,"column":4},"end":{"line":592,"column":109}},"81":{"start":{"line":595,"column":4},"end":{"line":595,"column":64}},"82":{"start":{"line":603,"column":4},"end":{"line":603,"column":95}},"83":{"start":{"line":605,"column":4},"end":{"line":605,"column":18}},"84":{"start":{"line":606,"column":4},"end":{"line":606,"column":24462}},"85":{"start":{"line":612,"column":6},"end":{"line":612,"column":51}},"86":{"start":{"line":616,"column":6},"end":{"line":616,"column":24907}},"87":{"start":{"line":623,"column":6},"end":{"line":623,"column":70}},"88":{"start":{"line":626,"column":6},"end":{"line":626,"column":72}},"89":{"start":{"line":633,"column":6},"end":{"line":633,"column":25611}},"90":{"start":{"line":641,"column":6},"end":{"line":641,"column":44}},"91":{"start":{"line":648,"column":6},"end":{"line":648,"column":64}},"92":{"start":{"line":651,"column":6},"end":{"line":651,"column":20}},"93":{"start":{"line":657,"column":6},"end":{"line":657,"column":26429}},"94":{"start":{"line":658,"column":8},"end":{"line":658,"column":84}},"95":{"start":{"line":662,"column":6},"end":{"line":662,"column":26609}},"96":{"start":{"line":664,"column":8},"end":{"line":664,"column":26719}},"97":{"start":{"line":665,"column":10},"end":{"line":665,"column":95}},"98":{"start":{"line":676,"column":8},"end":{"line":676,"column":27193}},"99":{"start":{"line":677,"column":10},"end":{"line":677,"column":83}},"100":{"start":{"line":683,"column":8},"end":{"line":683,"column":27565}},"101":{"start":{"line":696,"column":4},"end":{"line":696,"column":27939}},"102":{"start":{"line":708,"column":4},"end":{"line":708,"column":17}},"103":{"start":{"line":740,"column":4},"end":{"line":740,"column":57}},"104":{"start":{"line":743,"column":4},"end":{"line":743,"column":140}},"105":{"start":{"line":746,"column":4},"end":{"line":746,"column":52}},"106":{"start":{"line":754,"column":4},"end":{"line":754,"column":95}},"107":{"start":{"line":758,"column":4},"end":{"line":758,"column":18}},"108":{"start":{"line":759,"column":4},"end":{"line":759,"column":30720}},"109":{"start":{"line":761,"column":6},"end":{"line":761,"column":30809}},"110":{"start":{"line":768,"column":6},"end":{"line":768,"column":31042}},"111":{"start":{"line":773,"column":8},"end":{"line":773,"column":53}},"112":{"start":{"line":776,"column":8},"end":{"line":776,"column":72}},"113":{"start":{"line":779,"column":8},"end":{"line":779,"column":64}},"114":{"start":{"line":782,"column":8},"end":{"line":782,"column":95}},"115":{"start":{"line":785,"column":8},"end":{"line":785,"column":46}},"116":{"start":{"line":788,"column":8},"end":{"line":788,"column":72}},"117":{"start":{"line":791,"column":8},"end":{"line":791,"column":64}},"118":{"start":{"line":795,"column":8},"end":{"line":795,"column":32272}},"119":{"start":{"line":796,"column":10},"end":{"line":796,"column":143}},"120":{"start":{"line":798,"column":10},"end":{"line":798,"column":84}},"121":{"start":{"line":802,"column":8},"end":{"line":802,"column":24}},"122":{"start":{"line":808,"column":8},"end":{"line":808,"column":32749}},"123":{"start":{"line":809,"column":10},"end":{"line":809,"column":99}},"124":{"start":{"line":815,"column":6},"end":{"line":815,"column":32960}},"125":{"start":{"line":818,"column":8},"end":{"line":818,"column":141}},"126":{"start":{"line":827,"column":6},"end":{"line":827,"column":33573}},"127":{"start":{"line":834,"column":6},"end":{"line":834,"column":74}},"128":{"start":{"line":838,"column":4},"end":{"line":838,"column":119}},"129":{"start":{"line":841,"column":4},"end":{"line":841,"column":17}},"130":{"start":{"line":859,"column":4},"end":{"line":859,"column":34534}},"131":{"start":{"line":860,"column":6},"end":{"line":860,"column":14}},"132":{"start":{"line":862,"column":4},"end":{"line":862,"column":34613}},"133":{"start":{"line":880,"column":4},"end":{"line":880,"column":35110}},"134":{"start":{"line":881,"column":6},"end":{"line":881,"column":14}},"135":{"start":{"line":883,"column":4},"end":{"line":883,"column":35195}},"136":{"start":{"line":903,"column":4},"end":{"line":903,"column":40}},"137":{"start":{"line":906,"column":4},"end":{"line":906,"column":39}},"138":{"start":{"line":926,"column":4},"end":{"line":926,"column":36620}},"139":{"start":{"line":933,"column":4},"end":{"line":933,"column":97}},"140":{"start":{"line":942,"column":4},"end":{"line":942,"column":37174}},"141":{"start":{"line":955,"column":4},"end":{"line":955,"column":43}},"142":{"start":{"line":970,"column":4},"end":{"line":970,"column":38162}},"143":{"start":{"line":975,"column":4},"end":{"line":975,"column":41}}},"branchMap":{"1":{"line":171,"type":"if","locations":[{"start":{"line":171,"column":4},"end":{"line":171,"column":4}},{"start":{"line":171,"column":4},"end":{"line":171,"column":4}}]},"2":{"line":174,"type":"if","locations":[{"start":{"line":174,"column":4},"end":{"line":174,"column":4}},{"start":{"line":174,"column":4},"end":{"line":174,"column":4}}]},"3":{"line":189,"type":"if","locations":[{"start":{"line":189,"column":4},"end":{"line":189,"column":4}},{"start":{"line":189,"column":4},"end":{"line":189,"column":4}}]},"4":{"line":192,"type":"if","locations":[{"start":{"line":192,"column":4},"end":{"line":192,"column":4}},{"start":{"line":192,"column":4},"end":{"line":192,"column":4}}]},"5":{"line":208,"type":"if","locations":[{"start":{"line":208,"column":4},"end":{"line":208,"column":4}},{"start":{"line":208,"column":4},"end":{"line":208,"column":4}}]},"6":{"line":224,"type":"if","locations":[{"start":{"line":224,"column":4},"end":{"line":224,"column":4}},{"start":{"line":224,"column":4},"end":{"line":224,"column":4}}]},"7":{"line":243,"type":"if","locations":[{"start":{"line":243,"column":4},"end":{"line":243,"column":4}},{"start":{"line":243,"column":4},"end":{"line":243,"column":4}}]},"8":{"line":246,"type":"if","locations":[{"start":{"line":246,"column":4},"end":{"line":246,"column":4}},{"start":{"line":246,"column":4},"end":{"line":246,"column":4}}]},"9":{"line":252,"type":"if","locations":[{"start":{"line":252,"column":4},"end":{"line":252,"column":4}},{"start":{"line":252,"column":4},"end":{"line":252,"column":4}}]},"10":{"line":255,"type":"if","locations":[{"start":{"line":255,"column":4},"end":{"line":255,"column":4}},{"start":{"line":255,"column":4},"end":{"line":255,"column":4}}]},"11":{"line":258,"type":"if","locations":[{"start":{"line":258,"column":4},"end":{"line":258,"column":4}},{"start":{"line":258,"column":4},"end":{"line":258,"column":4}}]},"12":{"line":259,"type":"if","locations":[{"start":{"line":259,"column":6},"end":{"line":259,"column":6}},{"start":{"line":259,"column":6},"end":{"line":259,"column":6}}]},"13":{"line":261,"type":"if","locations":[{"start":{"line":261,"column":6},"end":{"line":261,"column":6}},{"start":{"line":261,"column":6},"end":{"line":261,"column":6}}]},"14":{"line":289,"type":"if","locations":[{"start":{"line":289,"column":4},"end":{"line":289,"column":4}},{"start":{"line":289,"column":4},"end":{"line":289,"column":4}}]},"15":{"line":292,"type":"if","locations":[{"start":{"line":292,"column":4},"end":{"line":292,"column":4}},{"start":{"line":292,"column":4},"end":{"line":292,"column":4}}]},"16":{"line":301,"type":"if","locations":[{"start":{"line":301,"column":4},"end":{"line":301,"column":4}},{"start":{"line":301,"column":4},"end":{"line":301,"column":4}}]},"17":{"line":373,"type":"if","locations":[{"start":{"line":373,"column":4},"end":{"line":373,"column":4}},{"start":{"line":373,"column":4},"end":{"line":373,"column":4}}]},"18":{"line":376,"type":"if","locations":[{"start":{"line":376,"column":4},"end":{"line":376,"column":4}},{"start":{"line":376,"column":4},"end":{"line":376,"column":4}}]},"19":{"line":380,"type":"if","locations":[{"start":{"line":380,"column":4},"end":{"line":380,"column":4}},{"start":{"line":380,"column":4},"end":{"line":380,"column":4}}]},"20":{"line":383,"type":"if","locations":[{"start":{"line":383,"column":4},"end":{"line":383,"column":4}},{"start":{"line":383,"column":4},"end":{"line":383,"column":4}}]},"21":{"line":386,"type":"if","locations":[{"start":{"line":386,"column":4},"end":{"line":386,"column":4}},{"start":{"line":386,"column":4},"end":{"line":386,"column":4}}]},"22":{"line":389,"type":"if","locations":[{"start":{"line":389,"column":4},"end":{"line":389,"column":4}},{"start":{"line":389,"column":4},"end":{"line":389,"column":4}}]},"23":{"line":392,"type":"if","locations":[{"start":{"line":392,"column":4},"end":{"line":392,"column":4}},{"start":{"line":392,"column":4},"end":{"line":392,"column":4}}]},"24":{"line":395,"type":"if","locations":[{"start":{"line":395,"column":4},"end":{"line":395,"column":4}},{"start":{"line":395,"column":4},"end":{"line":395,"column":4}}]},"25":{"line":398,"type":"if","locations":[{"start":{"line":398,"column":4},"end":{"line":398,"column":4}},{"start":{"line":398,"column":4},"end":{"line":398,"column":4}}]},"26":{"line":403,"type":"if","locations":[{"start":{"line":403,"column":4},"end":{"line":403,"column":4}},{"start":{"line":403,"column":4},"end":{"line":403,"column":4}}]},"27":{"line":416,"type":"if","locations":[{"start":{"line":416,"column":4},"end":{"line":416,"column":4}},{"start":{"line":416,"column":4},"end":{"line":416,"column":4}}]},"28":{"line":421,"type":"if","locations":[{"start":{"line":421,"column":6},"end":{"line":421,"column":6}},{"start":{"line":421,"column":6},"end":{"line":421,"column":6}}]},"29":{"line":426,"type":"if","locations":[{"start":{"line":426,"column":6},"end":{"line":426,"column":6}},{"start":{"line":426,"column":6},"end":{"line":426,"column":6}}]},"30":{"line":436,"type":"if","locations":[{"start":{"line":436,"column":6},"end":{"line":436,"column":6}},{"start":{"line":436,"column":6},"end":{"line":436,"column":6}}]},"31":{"line":437,"type":"if","locations":[{"start":{"line":437,"column":8},"end":{"line":437,"column":8}},{"start":{"line":437,"column":8},"end":{"line":437,"column":8}}]},"32":{"line":439,"type":"if","locations":[{"start":{"line":439,"column":8},"end":{"line":439,"column":8}},{"start":{"line":439,"column":8},"end":{"line":439,"column":8}}]},"33":{"line":471,"type":"if","locations":[{"start":{"line":471,"column":6},"end":{"line":471,"column":6}},{"start":{"line":471,"column":6},"end":{"line":471,"column":6}}]},"34":{"line":477,"type":"if","locations":[{"start":{"line":477,"column":6},"end":{"line":477,"column":6}},{"start":{"line":477,"column":6},"end":{"line":477,"column":6}}]},"35":{"line":480,"type":"if","locations":[{"start":{"line":480,"column":6},"end":{"line":480,"column":6}},{"start":{"line":480,"column":6},"end":{"line":480,"column":6}}]},"36":{"line":483,"type":"if","locations":[{"start":{"line":483,"column":6},"end":{"line":483,"column":6}},{"start":{"line":483,"column":6},"end":{"line":483,"column":6}}]},"37":{"line":487,"type":"if","locations":[{"start":{"line":487,"column":6},"end":{"line":487,"column":6}},{"start":{"line":487,"column":6},"end":{"line":487,"column":6}}]},"38":{"line":497,"type":"if","locations":[{"start":{"line":497,"column":6},"end":{"line":497,"column":6}},{"start":{"line":497,"column":6},"end":{"line":497,"column":6}}]},"39":{"line":576,"type":"if","locations":[{"start":{"line":576,"column":4},"end":{"line":576,"column":4}},{"start":{"line":576,"column":4},"end":{"line":576,"column":4}}]},"40":{"line":586,"type":"if","locations":[{"start":{"line":586,"column":4},"end":{"line":586,"column":4}},{"start":{"line":586,"column":4},"end":{"line":586,"column":4}}]},"41":{"line":589,"type":"if","locations":[{"start":{"line":589,"column":4},"end":{"line":589,"column":4}},{"start":{"line":589,"column":4},"end":{"line":589,"column":4}}]},"42":{"line":592,"type":"if","locations":[{"start":{"line":592,"column":4},"end":{"line":592,"column":4}},{"start":{"line":592,"column":4},"end":{"line":592,"column":4}}]},"43":{"line":595,"type":"if","locations":[{"start":{"line":595,"column":4},"end":{"line":595,"column":4}},{"start":{"line":595,"column":4},"end":{"line":595,"column":4}}]},"44":{"line":606,"type":"if","locations":[{"start":{"line":606,"column":4},"end":{"line":606,"column":4}},{"start":{"line":606,"column":4},"end":{"line":606,"column":4}}]},"45":{"line":612,"type":"if","locations":[{"start":{"line":612,"column":6},"end":{"line":612,"column":6}},{"start":{"line":612,"column":6},"end":{"line":612,"column":6}}]},"46":{"line":641,"type":"if","locations":[{"start":{"line":641,"column":6},"end":{"line":641,"column":6}},{"start":{"line":641,"column":6},"end":{"line":641,"column":6}}]},"47":{"line":657,"type":"if","locations":[{"start":{"line":657,"column":6},"end":{"line":657,"column":6}},{"start":{"line":657,"column":6},"end":{"line":657,"column":6}}]},"48":{"line":662,"type":"if","locations":[{"start":{"line":662,"column":6},"end":{"line":662,"column":6}},{"start":{"line":662,"column":6},"end":{"line":662,"column":6}}]},"49":{"line":664,"type":"if","locations":[{"start":{"line":664,"column":8},"end":{"line":664,"column":8}},{"start":{"line":664,"column":8},"end":{"line":664,"column":8}}]},"50":{"line":676,"type":"if","locations":[{"start":{"line":676,"column":8},"end":{"line":676,"column":8}},{"start":{"line":676,"column":8},"end":{"line":676,"column":8}}]},"51":{"line":743,"type":"if","locations":[{"start":{"line":743,"column":4},"end":{"line":743,"column":4}},{"start":{"line":743,"column":4},"end":{"line":743,"column":4}}]},"52":{"line":746,"type":"if","locations":[{"start":{"line":746,"column":4},"end":{"line":746,"column":4}},{"start":{"line":746,"column":4},"end":{"line":746,"column":4}}]},"53":{"line":759,"type":"if","locations":[{"start":{"line":759,"column":4},"end":{"line":759,"column":4}},{"start":{"line":759,"column":4},"end":{"line":759,"column":4}}]},"54":{"line":768,"type":"if","locations":[{"start":{"line":768,"column":6},"end":{"line":768,"column":6}},{"start":{"line":768,"column":6},"end":{"line":768,"column":6}}]},"55":{"line":773,"type":"if","locations":[{"start":{"line":773,"column":8},"end":{"line":773,"column":8}},{"start":{"line":773,"column":8},"end":{"line":773,"column":8}}]},"56":{"line":785,"type":"if","locations":[{"start":{"line":785,"column":8},"end":{"line":785,"column":8}},{"start":{"line":785,"column":8},"end":{"line":785,"column":8}}]},"57":{"line":795,"type":"if","locations":[{"start":{"line":795,"column":8},"end":{"line":795,"column":8}},{"start":{"line":795,"column":8},"end":{"line":795,"column":8}}]},"58":{"line":796,"type":"if","locations":[{"start":{"line":796,"column":10},"end":{"line":796,"column":10}},{"start":{"line":796,"column":10},"end":{"line":796,"column":10}}]},"59":{"line":808,"type":"if","locations":[{"start":{"line":808,"column":8},"end":{"line":808,"column":8}},{"start":{"line":808,"column":8},"end":{"line":808,"column":8}}]},"60":{"line":815,"type":"if","locations":[{"start":{"line":815,"column":6},"end":{"line":815,"column":6}},{"start":{"line":815,"column":6},"end":{"line":815,"column":6}}]},"61":{"line":818,"type":"if","locations":[{"start":{"line":818,"column":8},"end":{"line":818,"column":8}},{"start":{"line":818,"column":8},"end":{"line":818,"column":8}}]},"62":{"line":859,"type":"if","locations":[{"start":{"line":859,"column":4},"end":{"line":859,"column":4}},{"start":{"line":859,"column":4},"end":{"line":859,"column":4}}]},"63":{"line":880,"type":"if","locations":[{"start":{"line":880,"column":4},"end":{"line":880,"column":4}},{"start":{"line":880,"column":4},"end":{"line":880,"column":4}}]}}}}